<?xml version="1.0" encoding="UTF-8"?>
<!-- Generated by org.testng.reporters.JUnitReportReporter -->
<testsuite hostname="DESKTOP-2O0K76M" failures="0" tests="1" name="webAutomation.TestCases" time="1.745" errors="0" timestamp="2023-10-11T22:13:50 EET" skipped="0">
  <testcase classname="webAutomation.TestCases" name="validloginTest" time="1.745"/>
</testsuite> <!-- webAutomation.TestCases -->
